<?xml version="1.0" encoding="UTF-8"?>
<testsuite name="training.adv.bowling.impl.BowlingGameTest" tests="14" skipped="0" failures="0" errors="0" timestamp="2019-10-10T08:51:30" hostname="Karaya" time="0.027">
  <properties/>
  <testcase name="testLastTurnSpareSeparately" classname="training.adv.bowling.impl.BowlingGameTest" time="0.007"/>
  <testcase name="testInvalidPins" classname="training.adv.bowling.impl.BowlingGameTest" time="0.004"/>
  <testcase name="testSpareSeparately" classname="training.adv.bowling.impl.BowlingGameTest" time="0.0"/>
  <testcase name="testFinishedGameNotAcceptNewPins" classname="training.adv.bowling.impl.BowlingGameTest" time="0.0"/>
  <testcase name="testTotalStrike" classname="training.adv.bowling.impl.BowlingGameTest" time="0.0"/>
  <testcase name="testPartialStrike" classname="training.adv.bowling.impl.BowlingGameTest" time="0.0"/>
  <testcase name="multiThreadTest" classname="training.adv.bowling.impl.BowlingGameTest" time="0.01"/>
  <testcase name="testExtraTwoPinsWithStrike" classname="training.adv.bowling.impl.BowlingGameTest" time="0.0"/>
  <testcase name="testGreaterThanMaxPins" classname="training.adv.bowling.impl.BowlingGameTest" time="0.0"/>
  <testcase name="testTotalStrikeSeparately" classname="training.adv.bowling.impl.BowlingGameTest" time="0.0"/>
  <testcase name="testExtraTwoPins" classname="training.adv.bowling.impl.BowlingGameTest" time="0.0"/>
  <testcase name="testNoPins" classname="training.adv.bowling.impl.BowlingGameTest" time="0.0"/>
  <testcase name="testNegative" classname="training.adv.bowling.impl.BowlingGameTest" time="0.0"/>
  <testcase name="testSpareCalculation" classname="training.adv.bowling.impl.BowlingGameTest" time="0.0"/>
  <system-out><![CDATA[Current turn is invalid !

Invalid Pin Detected ! New toss pin must always be 0~10 !

Invalid Pin Detected ! New toss pin must always be 0~10 !

]]></system-out>
  <system-err><![CDATA[]]></system-err>
</testsuite>
